<?xml version="1.0" encoding="UTF-8"?>
<testsuite xmlns:xsi="http://www.w3.org/2001/XMLSchema-instance" xsi:noNamespaceSchemaLocation="https://maven.apache.org/surefire/maven-surefire-plugin/xsd/surefire-test-report-3.0.xsd" version="3.0" name="MainTest" time="0.552" tests="1" errors="0" skipped="0" failures="0">
  <properties>
    <property name="java.specification.version" value="23"/>
    <property name="sun.cpu.isalist" value="amd64"/>
    <property name="sun.jnu.encoding" value="Cp1251"/>
    <property name="java.class.path" value="C:\Users\User\IdeaProjects\Spring_Task-4\target\test-classes;C:\Users\User\IdeaProjects\Spring_Task-4\target\classes;C:\Users\User\.m2\repository\org\springframework\spring-core\5.3.14\spring-core-5.3.14.jar;C:\Users\User\.m2\repository\org\springframework\spring-jcl\5.3.14\spring-jcl-5.3.14.jar;C:\Users\User\.m2\repository\org\springframework\spring-context\5.3.14\spring-context-5.3.14.jar;C:\Users\User\.m2\repository\org\springframework\spring-aop\5.3.14\spring-aop-5.3.14.jar;C:\Users\User\.m2\repository\org\springframework\spring-beans\5.3.14\spring-beans-5.3.14.jar;C:\Users\User\.m2\repository\org\springframework\spring-expression\5.3.14\spring-expression-5.3.14.jar;C:\Users\User\.m2\repository\org\springframework\spring-test\5.3.14\spring-test-5.3.14.jar;C:\Users\User\.m2\repository\org\scalatestplus\junit-4-12_2.13\3.2.2.0\junit-4-12_2.13-3.2.2.0.jar;C:\Users\User\.m2\repository\org\scala-lang\scala-library\2.13.3\scala-library-2.13.3.jar;C:\Users\User\.m2\repository\org\scalatest\scalatest-core_2.13\3.2.2\scalatest-core_2.13-3.2.2.jar;C:\Users\User\.m2\repository\org\scalatest\scalatest-compatible\3.2.2\scalatest-compatible-3.2.2.jar;C:\Users\User\.m2\repository\org\scalactic\scalactic_2.13\3.2.2\scalactic_2.13-3.2.2.jar;C:\Users\User\.m2\repository\org\scala-lang\scala-reflect\2.13.3\scala-reflect-2.13.3.jar;C:\Users\User\.m2\repository\org\scala-lang\modules\scala-xml_2.13\1.2.0\scala-xml_2.13-1.2.0.jar;C:\Users\User\.m2\repository\junit\junit\4.12\junit-4.12.jar;C:\Users\User\.m2\repository\org\hamcrest\hamcrest-core\1.3\hamcrest-core-1.3.jar;"/>
    <property name="java.vm.vendor" value="Oracle Corporation"/>
    <property name="sun.arch.data.model" value="64"/>
    <property name="user.variant" value=""/>
    <property name="java.vendor.url" value="https://java.oracle.com/"/>
    <property name="user.timezone" value="Europe/Minsk"/>
    <property name="os.name" value="Windows 10"/>
    <property name="java.vm.specification.version" value="23"/>
    <property name="sun.java.launcher" value="SUN_STANDARD"/>
    <property name="user.country" value="RU"/>
    <property name="sun.boot.library.path" value="C:\Users\User\.jdks\openjdk-23.0.1\bin"/>
    <property name="sun.java.command" value="C:\Users\User\AppData\Local\Temp\surefire6175606847287070489\surefirebooter-20241130002141162_3.jar C:\Users\User\AppData\Local\Temp\surefire6175606847287070489 2024-11-30T00-21-41_020-jvmRun1 surefire-20241130002141162_1tmp surefire_0-20241130002141162_2tmp"/>
    <property name="jdk.debug" value="release"/>
    <property name="surefire.test.class.path" value="C:\Users\User\IdeaProjects\Spring_Task-4\target\test-classes;C:\Users\User\IdeaProjects\Spring_Task-4\target\classes;C:\Users\User\.m2\repository\org\springframework\spring-core\5.3.14\spring-core-5.3.14.jar;C:\Users\User\.m2\repository\org\springframework\spring-jcl\5.3.14\spring-jcl-5.3.14.jar;C:\Users\User\.m2\repository\org\springframework\spring-context\5.3.14\spring-context-5.3.14.jar;C:\Users\User\.m2\repository\org\springframework\spring-aop\5.3.14\spring-aop-5.3.14.jar;C:\Users\User\.m2\repository\org\springframework\spring-beans\5.3.14\spring-beans-5.3.14.jar;C:\Users\User\.m2\repository\org\springframework\spring-expression\5.3.14\spring-expression-5.3.14.jar;C:\Users\User\.m2\repository\org\springframework\spring-test\5.3.14\spring-test-5.3.14.jar;C:\Users\User\.m2\repository\org\scalatestplus\junit-4-12_2.13\3.2.2.0\junit-4-12_2.13-3.2.2.0.jar;C:\Users\User\.m2\repository\org\scala-lang\scala-library\2.13.3\scala-library-2.13.3.jar;C:\Users\User\.m2\repository\org\scalatest\scalatest-core_2.13\3.2.2\scalatest-core_2.13-3.2.2.jar;C:\Users\User\.m2\repository\org\scalatest\scalatest-compatible\3.2.2\scalatest-compatible-3.2.2.jar;C:\Users\User\.m2\repository\org\scalactic\scalactic_2.13\3.2.2\scalactic_2.13-3.2.2.jar;C:\Users\User\.m2\repository\org\scala-lang\scala-reflect\2.13.3\scala-reflect-2.13.3.jar;C:\Users\User\.m2\repository\org\scala-lang\modules\scala-xml_2.13\1.2.0\scala-xml_2.13-1.2.0.jar;C:\Users\User\.m2\repository\junit\junit\4.12\junit-4.12.jar;C:\Users\User\.m2\repository\org\hamcrest\hamcrest-core\1.3\hamcrest-core-1.3.jar;"/>
    <property name="sun.cpu.endian" value="little"/>
    <property name="user.home" value="C:\Users\User"/>
    <property name="user.language" value="ru"/>
    <property name="java.specification.vendor" value="Oracle Corporation"/>
    <property name="java.version.date" value="2024-10-15"/>
    <property name="java.home" value="C:\Users\User\.jdks\openjdk-23.0.1"/>
    <property name="file.separator" value="\"/>
    <property name="basedir" value="C:\Users\User\IdeaProjects\Spring_Task-4"/>
    <property name="java.vm.compressedOopsMode" value="Zero based"/>
    <property name="line.separator" value="&#10;"/>
    <property name="java.vm.specification.vendor" value="Oracle Corporation"/>
    <property name="java.specification.name" value="Java Platform API Specification"/>
    <property name="surefire.real.class.path" value="C:\Users\User\AppData\Local\Temp\surefire6175606847287070489\surefirebooter-20241130002141162_3.jar"/>
    <property name="user.script" value=""/>
    <property name="sun.management.compiler" value="HotSpot 64-Bit Tiered Compilers"/>
    <property name="java.runtime.version" value="23.0.1+11-39"/>
    <property name="user.name" value="User"/>
    <property name="stdout.encoding" value="Cp1251"/>
    <property name="path.separator" value=";"/>
    <property name="os.version" value="10.0"/>
    <property name="java.runtime.name" value="OpenJDK Runtime Environment"/>
    <property name="file.encoding" value="UTF-8"/>
    <property name="java.vm.name" value="OpenJDK 64-Bit Server VM"/>
    <property name="localRepository" value="C:\Users\User\.m2\repository"/>
    <property name="java.vendor.url.bug" value="https://bugreport.java.com/bugreport/"/>
    <property name="java.io.tmpdir" value="C:\Users\User\AppData\Local\Temp\"/>
    <property name="idea.version" value="2024.2.2"/>
    <property name="java.version" value="23.0.1"/>
    <property name="user.dir" value="C:\Users\User\IdeaProjects\Spring_Task-4"/>
    <property name="os.arch" value="amd64"/>
    <property name="java.vm.specification.name" value="Java Virtual Machine Specification"/>
    <property name="sun.os.patch.level" value=""/>
    <property name="native.encoding" value="Cp1251"/>
    <property name="java.library.path" value="C:\Users\User\.jdks\openjdk-23.0.1\bin;C:\WINDOWS\Sun\Java\bin;C:\WINDOWS\system32;C:\WINDOWS;C:\Program Files\Common Files\Oracle\Java\javapath;C:\Python311\Scripts\;C:\Python311\;C:\Users\User\AppData\Local\Programs\Python\Python310\Scripts\;C:\Users\User\AppData\Local\Programs\Python\Python310\;C:\Program Files\Python38\Scripts\;C:\Program Files\Python38\;C:\WINDOWS\system32;C:\WINDOWS;C:\WINDOWS\System32\Wbem;C:\WINDOWS\System32\WindowsPowerShell\v1.0\;C:\WINDOWS\System32\OpenSSH\;C:\ProgramData\chocolatey\bin;C:\Program Files (x86)\Windows Kits\10\Windows Performance Toolkit\;C:\Program Files\nodejs\;C:\Program Files\Git\cmd;C:\Program Files\PowerShell\7\;C:\Program Files\apache-maven-3.9.9\bin\;C:\Users\User\AppData\Local\Microsoft\WindowsApps;C:\Program Files\JetBrains\PyCharm Edu 2021.1\bin;;C:\Users\User\AppData\Local\GitHubDesktop\bin;C:\Program Files\JetBrains\WebStorm 2022.2\bin;;C:\Users\User\AppData\Local\Programs\Microsoft VS Code\bin;E:\flutter\bin;C:\Users\User\AppData\Roaming\npm;C:\Program Files\JetBrains\IntelliJ IDEA Community Edition 2024.2.1\bin;;C:\Program Files\JetBrains\IntelliJ IDEA 2024.2.1\bin;;C:\Program Files\apache-maven-3.9.9\bin\;;."/>
    <property name="java.vm.info" value="mixed mode, sharing"/>
    <property name="stderr.encoding" value="Cp1251"/>
    <property name="java.vendor" value="Oracle Corporation"/>
    <property name="java.vm.version" value="23.0.1+11-39"/>
    <property name="sun.io.unicode.encoding" value="UnicodeLittle"/>
    <property name="java.class.version" value="67.0"/>
  </properties>
  <testcase name="mainTest" classname="MainTest" time="0.009">
    <system-out><![CDATA[На свете есть океан , на океане остров , на острове дерево , на дереве заяц , в зайце утка , в утке яйцо , в яйце иголка , смерть Кощея на игле :( Koschei is dead
]]></system-out>
    <system-err><![CDATA[нояб. 30, 2024 12:21:41 AM org.springframework.test.context.support.AbstractTestContextBootstrapper getDefaultTestExecutionListenerClassNames
INFO: Loaded default TestExecutionListener class names from location [META-INF/spring.factories]: [org.springframework.test.context.web.ServletTestExecutionListener, org.springframework.test.context.support.DirtiesContextBeforeModesTestExecutionListener, org.springframework.test.context.event.ApplicationEventsTestExecutionListener, org.springframework.test.context.support.DependencyInjectionTestExecutionListener, org.springframework.test.context.support.DirtiesContextTestExecutionListener, org.springframework.test.context.transaction.TransactionalTestExecutionListener, org.springframework.test.context.jdbc.SqlScriptsTestExecutionListener, org.springframework.test.context.event.EventPublishingTestExecutionListener]
нояб. 30, 2024 12:21:41 AM org.springframework.test.context.support.AbstractTestContextBootstrapper getTestExecutionListeners
INFO: Using TestExecutionListeners: [org.springframework.test.context.support.DirtiesContextBeforeModesTestExecutionListener@12e61fe6, org.springframework.test.context.event.ApplicationEventsTestExecutionListener@7ee955a8, org.springframework.test.context.support.DependencyInjectionTestExecutionListener@1677d1, org.springframework.test.context.support.DirtiesContextTestExecutionListener@48fa0f47, org.springframework.test.context.event.EventPublishingTestExecutionListener@6ac13091]
]]></system-err>
  </testcase>
</testsuite>